[debug] [2022-04-17T03:36:16.595Z] ----------------------------------------------------------------------
[debug] [2022-04-17T03:36:16.598Z] Command:       C:\Program Files\nodejs\node.exe C:\Users\USER\AppData\Roaming\npm\node_modules\firebase-tools\lib\bin\firebase.js init
[debug] [2022-04-17T03:36:16.598Z] CLI Version:   10.6.0
[debug] [2022-04-17T03:36:16.599Z] Platform:      win32
[debug] [2022-04-17T03:36:16.599Z] Node Version:  v16.13.1
[debug] [2022-04-17T03:36:16.600Z] Time:          Sun Apr 17 2022 09:36:16 GMT+0600 (Bangladesh Standard Time)
[debug] [2022-04-17T03:36:16.600Z] ----------------------------------------------------------------------
[debug] 
[debug] [2022-04-17T03:36:16.607Z] > command requires scopes: ["email","openid","https://www.googleapis.com/auth/cloudplatformprojects.readonly","https://www.googleapis.com/auth/firebase","https://www.googleapis.com/auth/cloud-platform"]
[debug] [2022-04-17T03:36:16.608Z] > authorizing via signed-in user (khandaker330@gmail.com)
[info] 
     ######## #### ########  ######## ########     ###     ######  ########
     ##        ##  ##     ## ##       ##     ##  ##   ##  ##       ##
     ######    ##  ########  ######   ########  #########  ######  ######
     ##        ##  ##    ##  ##       ##     ## ##     ##       ## ##
     ##       #### ##     ## ######## ########  ##     ##  ######  ########

You're about to initialize a Firebase project in this directory:

  F:\Programming-Hero-Course\Assignments\assignment-10

[info] 
=== Project Setup
[info] 
[info] First, let's associate this project directory with a Firebase project.
[info] You can create multiple project aliases by running firebase use --add, 
[info] but for now we'll just set up a default project.
[info] 
[debug] [2022-04-17T03:36:26.059Z] >>> [apiv2][query] GET https://firebase.googleapis.com/v1beta1/projects pageSize=100
[debug] [2022-04-17T03:36:27.062Z] <<< [apiv2][status] GET https://firebase.googleapis.com/v1beta1/projects 200
[debug] [2022-04-17T03:36:27.063Z] <<< [apiv2][body] GET https://firebase.googleapis.com/v1beta1/projects [omitted]
[info] i  Using project knsdev-art-gallery (KnsDev-art-gallery) 
[info] 
=== Hosting Setup
[info] 
[info] Your public directory is the folder (relative to your project directory) that
[info] will contain Hosting assets to be uploaded with firebase deploy. If you
[info] have a build process for your assets, use your build's output directory.
[info] 
[debug] [2022-04-17T03:36:50.898Z] >>> [apiv2][query] GET https://www.gstatic.com/firebasejs/releases.json [none]
[debug] [2022-04-17T03:36:51.142Z] <<< [apiv2][status] GET https://www.gstatic.com/firebasejs/releases.json 200
[debug] [2022-04-17T03:36:51.142Z] <<< [apiv2][body] GET https://www.gstatic.com/firebasejs/releases.json {"current":{"version":"9.6.11","browserURL":"https://www.gstatic.com/firebasejs/9.6.11/firebase.js","packageURL":"https://www.gstatic.com/firebasejs/9.6.11/firebase.tgz"},"live":{"version":"9.6","browserURL":"https://www.gstatic.com/firebasejs/live/9.6/firebase.js","packageURL":"https://www.gstatic.com/firebasejs/live/9.6/firebase.tgz"},"components":{"analytics":"https://www.gstatic.com/firebasejs/9.6.11/firebase-analytics.js","app":"https://www.gstatic.com/firebasejs/9.6.11/firebase-app.js","app-check":"https://www.gstatic.com/firebasejs/9.6.11/firebase-app-check.js","auth":"https://www.gstatic.com/firebasejs/9.6.11/firebase-auth.js","auth/cordova":"https://www.gstatic.com/firebasejs/9.6.11/firebase-auth/cordova.js","auth/react-native":"https://www.gstatic.com/firebasejs/9.6.11/firebase-auth/react-native.js","functions":"https://www.gstatic.com/firebasejs/9.6.11/firebase-functions.js","firestore":"https://www.gstatic.com/firebasejs/9.6.11/firebase-firestore.js","firestore/lite":"https://www.gstatic.com/firebasejs/9.6.11/firebase-firestore/lite.js","storage":"https://www.gstatic.com/firebasejs/9.6.11/firebase-storage.js","performance":"https://www.gstatic.com/firebasejs/9.6.11/firebase-performance.js","remote-config":"https://www.gstatic.com/firebasejs/9.6.11/firebase-remote-config.js","messaging":"https://www.gstatic.com/firebasejs/9.6.11/firebase-messaging.js","messaging/sw":"https://www.gstatic.com/firebasejs/9.6.11/firebase-messaging/sw.js","database":"https://www.gstatic.com/firebasejs/9.6.11/firebase-database.js","firestore.memory":"https://www.gstatic.com/firebasejs/9.6.11/firebase-firestore.memory.js"}}
[info] +  Wrote build/index.html 
[info] 
[info] i  Detected a .git folder at F:\Programming-Hero-Course\Assignments\assignment-10 
[info] i  Authorizing with GitHub to upload your service account to a GitHub repository's secrets store. 
[info] 
[info] Visit this URL on this device to log in:
[info] https://github.com/login/oauth/authorize?client_id=89cf50f02ac6aaed3484&state=217015678&redirect_uri=http%3A%2F%2Flocalhost%3A9005&scope=read%3Auser%20repo%20public_repo
[info] 
[info] Waiting for authentication...
[debug] [2022-04-17T03:37:07.635Z] >>> HTTP REQUEST POST https://github.com/login/oauth/access_token  
 {"client_id":"89cf50f02ac6aaed3484","client_secret":"3330d14abc895d9a74d5f17cd7a00711fa2c5bf0","code":"d77c0340aa5e35f65acb","redirect_uri":"http://localhost:9005","state":"217015678"}
[debug] [2022-04-17T03:37:08.155Z] <<< HTTP RESPONSE 200 {"server":"GitHub.com","date":"Sun, 17 Apr 2022 03:37:29 GMT","content-type":"application/json; charset=utf-8","transfer-encoding":"chunked","vary":"X-PJAX, X-PJAX-Container, Accept-Encoding, Accept, X-Requested-With","permissions-policy":"interest-cohort=()","etag":"W/\"d400473adfb9ce32efcf2a5b5cdadfe0\"","cache-control":"max-age=0, private, must-revalidate","strict-transport-security":"max-age=31536000; includeSubdomains; preload","x-frame-options":"deny","x-content-type-options":"nosniff","x-xss-protection":"0","referrer-policy":"origin-when-cross-origin, strict-origin-when-cross-origin","expect-ct":"max-age=2592000, report-uri=\"https://api.github.com/_private/browser/errors\"","content-security-policy":"default-src 'none'; base-uri 'self'; block-all-mixed-content; child-src github.com/assets-cdn/worker/ gist.github.com/assets-cdn/worker/; connect-src 'self' uploads.github.com objects-origin.githubusercontent.com www.githubstatus.com collector.github.com raw.githubusercontent.com api.github.com github-cloud.s3.amazonaws.com github-production-repository-file-5c1aeb.s3.amazonaws.com github-production-upload-manifest-file-7fdce7.s3.amazonaws.com github-production-user-asset-6210df.s3.amazonaws.com cdn.optimizely.com logx.optimizely.com/v1/events translator.github.com *.actions.githubusercontent.com wss://*.actions.githubusercontent.com online.visualstudio.com/api/v1/locations github-production-repository-image-32fea6.s3.amazonaws.com github-production-release-asset-2e65be.s3.amazonaws.com insights.github.com wss://alive.github.com; font-src github.githubassets.com; form-action 'self' github.com gist.github.com objects-origin.githubusercontent.com; frame-ancestors 'none'; frame-src render.githubusercontent.com viewscreen.githubusercontent.com notebooks.githubusercontent.com; img-src 'self' data: github.githubassets.com identicons.github.com github-cloud.s3.amazonaws.com secured-user-images.githubusercontent.com/ *.githubusercontent.com; manifest-src 'self'; media-src github.com user-images.githubusercontent.com/; script-src github.githubassets.com; style-src 'unsafe-inline' github.githubassets.com; worker-src github.com/assets-cdn/worker/ gist.github.com/assets-cdn/worker/","x-github-request-id":"C79B:4A56:1565B:2C2C4:625B8B79"}
[debug] [2022-04-17T03:37:08.163Z] >>> [apiv2][query] GET https://api.github.com/user [none]
[debug] [2022-04-17T03:37:08.717Z] <<< [apiv2][status] GET https://api.github.com/user 200
[debug] [2022-04-17T03:37:08.717Z] <<< [apiv2][body] GET https://api.github.com/user {"login":"KnsDev330","id":96947734,"node_id":"U_kgDOBcdOFg","avatar_url":"https://avatars.githubusercontent.com/u/96947734?v=4","gravatar_id":"","url":"https://api.github.com/users/KnsDev330","html_url":"https://github.com/KnsDev330","followers_url":"https://api.github.com/users/KnsDev330/followers","following_url":"https://api.github.com/users/KnsDev330/following{/other_user}","gists_url":"https://api.github.com/users/KnsDev330/gists{/gist_id}","starred_url":"https://api.github.com/users/KnsDev330/starred{/owner}{/repo}","subscriptions_url":"https://api.github.com/users/KnsDev330/subscriptions","organizations_url":"https://api.github.com/users/KnsDev330/orgs","repos_url":"https://api.github.com/users/KnsDev330/repos","events_url":"https://api.github.com/users/KnsDev330/events{/privacy}","received_events_url":"https://api.github.com/users/KnsDev330/received_events","type":"User","site_admin":false,"name":"Khandaker Sajjat","company":null,"blog":"https://kns.dev","location":"Bangladesh","email":null,"hireable":null,"bio":"Can't load Bio, please check your internet connection.","twitter_username":"KnsDev","public_repos":5,"public_gists":0,"followers":0,"following":1,"created_at":"2022-01-01T14:51:32Z","updated_at":"2022-04-10T13:11:33Z","private_gists":0,"total_private_repos":23,"owned_private_repos":23,"disk_usage":183642,"collaborators":1,"two_factor_authentication":true,"plan":{"name":"free","space":976562499,"collaborators":0,"private_repos":10000}}
[info] 
[info] +  Success! Logged into GitHub as KnsDev330 
[info] 
